This file contains any messages produced by compilers while
running configure, to aid debugging if configure makes a mistake.

It was created by degrib configure 2.00, which was
generated by GNU Autoconf 2.68.  Invocation command line was

  $ ./configure 

## --------- ##
## Platform. ##
## --------- ##

hostname = user1-desktop
uname -m = i686
uname -r = 2.6.24-32-generic
uname -s = Linux
uname -v = #1 SMP Mon Dec 3 15:48:29 UTC 2012

/usr/bin/uname -p = unknown
/bin/uname -X     = unknown

/bin/arch              = unknown
/usr/bin/arch -k       = unknown
/usr/convex/getsysinfo = unknown
/usr/bin/hostinfo      = unknown
/bin/machine           = unknown
/usr/bin/oslevel       = unknown
/bin/universe          = unknown

PATH: /usr/local/sbin
PATH: /usr/local/bin
PATH: /usr/sbin
PATH: /usr/bin
PATH: /sbin
PATH: /bin
PATH: /usr/games


## ----------- ##
## Core tests. ##
## ----------- ##

configure:2305: checking build system type
configure:2319: result: i686-pc-linux-gnulibc1
configure:2339: checking host system type
configure:2352: result: i686-pc-linux-gnulibc1
configure:2422: checking for gcc
configure:2438: found /usr/bin/gcc
configure:2449: result: gcc
configure:2678: checking for C compiler version
configure:2687: gcc --version >&5
gcc (GCC) 4.2.4 (Ubuntu 4.2.4-1ubuntu4)
Copyright (C) 2007 Free Software Foundation, Inc.
This is free software; see the source for copying conditions.  There is NO
warranty; not even for MERCHANTABILITY or FITNESS FOR A PARTICULAR PURPOSE.

configure:2698: $? = 0
configure:2687: gcc -v >&5
Using built-in specs.
Target: i486-linux-gnu
Configured with: ../src/configure -v --enable-languages=c,c++,fortran,objc,obj-c++,treelang --prefix=/usr --enable-shared --with-system-zlib --libexecdir=/usr/lib --without-included-gettext --enable-threads=posix --enable-nls --with-gxx-include-dir=/usr/include/c++/4.2 --program-suffix=-4.2 --enable-clocale=gnu --enable-libstdcxx-debug --enable-objc-gc --enable-mpfr --enable-targets=all --enable-checking=release --build=i486-linux-gnu --host=i486-linux-gnu --target=i486-linux-gnu
Thread model: posix
gcc version 4.2.4 (Ubuntu 4.2.4-1ubuntu4)
configure:2698: $? = 0
configure:2687: gcc -V >&5
gcc: '-V' option must have argument
configure:2698: $? = 1
configure:2687: gcc -qversion >&5
gcc: unrecognized option '-qversion'
gcc: no input files
configure:2698: $? = 1
configure:2718: checking whether the C compiler works
configure:2740: gcc    conftest.c  >&5
/usr/bin/ld: crt1.o: No such file: No such file or directory
collect2: ld returned 1 exit status
configure:2744: $? = 1
configure:2782: result: no
configure: failed program was:
| /* confdefs.h */
| #define PACKAGE_NAME "degrib"
| #define PACKAGE_TARNAME "degrib"
| #define PACKAGE_VERSION "2.00"
| #define PACKAGE_STRING "degrib 2.00"
| #define PACKAGE_BUGREPORT "arthur.taylor@noaa.gov"
| #define PACKAGE_URL ""
| /* end confdefs.h.  */
| 
| int
| main ()
| {
| 
|   ;
|   return 0;
| }
configure:2787: error: in `/home/user1/talafous/Desktop/projects/eclipse_workspace/ww/degrib/degrib/src':
configure:2789: error: C compiler cannot create executables
See `config.log' for more details

## ---------------- ##
## Cache variables. ##
## ---------------- ##

ac_cv_build=i686-pc-linux-gnulibc1
ac_cv_env_CC_set=
ac_cv_env_CC_value=
ac_cv_env_CFLAGS_set=
ac_cv_env_CFLAGS_value=
ac_cv_env_CPPFLAGS_set=
ac_cv_env_CPPFLAGS_value=
ac_cv_env_CPP_set=
ac_cv_env_CPP_value=
ac_cv_env_LDFLAGS_set=
ac_cv_env_LDFLAGS_value=
ac_cv_env_LIBS_set=
ac_cv_env_LIBS_value=
ac_cv_env_TCL_PREFIX_set=
ac_cv_env_TCL_PREFIX_value=
ac_cv_env_TCL_VERSION_set=
ac_cv_env_TCL_VERSION_value=
ac_cv_env_TK_PREFIX_set=
ac_cv_env_TK_PREFIX_value=
ac_cv_env_XMKMF_set=
ac_cv_env_XMKMF_value=
ac_cv_env_build_alias_set=
ac_cv_env_build_alias_value=
ac_cv_env_host_alias_set=
ac_cv_env_host_alias_value=
ac_cv_env_target_alias_set=
ac_cv_env_target_alias_value=
ac_cv_host=i686-pc-linux-gnulibc1
ac_cv_prog_ac_ct_CC=gcc

## ----------------- ##
## Output variables. ##
## ----------------- ##

ANSIFLAG=''
AR=''
ARFLAGS=''
C99FLAG=''
CC='gcc'
CFLAGS=''
CPP=''
CPPFLAGS=''
DBAD_TCLSSH=''
DDEBUG=''
DEFS=''
DLLEXT=''
DLLFLAGS=''
DSIZEOF_LONG_INT=''
DWINDOWS=''
DWORDS_BIGENDIAN=''
DYNAMIC_LIB=''
ECHO_C=''
ECHO_N='-n'
ECHO_T=''
EGREP=''
EXEEXT=''
GREP=''
HALO_DEF=''
HALO_LIBDEP=''
HALO_STDINC=''
HALO_STDLIB=''
INSTALL_DATA=''
INSTALL_PROGRAM=''
INSTALL_SCRIPT=''
JPEG2000_LIBTOOL_FIX=''
JPEG2000_PATH=''
LDFLAGS=''
LD_FLAGS=''
LIBAAT_PATH=''
LIBOBJS=''
LIBPNG_PATH=''
LIBS=''
LTLIBOBJS=''
MEM_CLEAN=''
MEM_DEF=''
MEM_LIBDEP=''
MEM_NAME=''
MEM_STDINC=''
MEM_STDLIB=''
MINIZIP32=''
OBJECT_MODE=''
OBJEXT=''
PACKAGE_BUGREPORT='arthur.taylor@noaa.gov'
PACKAGE_DATE='20121205'
PACKAGE_NAME='degrib'
PACKAGE_STRING='degrib 2.00'
PACKAGE_TARNAME='degrib'
PACKAGE_URL=''
PACKAGE_VERSION='2.00'
PATH_SEPARATOR=':'
PNGDEBUG=''
RANLIB=''
SET_MAKE=''
SHELL='/bin/bash'
STRIP=''
STRIP_FLAGS=''
TCL_BINARY=''
TCL_LDFLAGS=''
TCL_LIBS=''
TCL_PREFIX=''
TCL_VERSION=''
TK_BINARY=''
TK_LDFLAGS=''
TK_LIBS=''
TK_PREFIX=''
XMKMF=''
X_CFLAGS=''
X_EXTRA_LIBS=''
X_LIBS=''
X_PRE_LIBS=''
ZLIB_DEBUG=''
ZLIB_PATH=''
ac_ct_CC='gcc'
bindir='${exec_prefix}/bin'
build='i686-pc-linux-gnulibc1'
build_alias=''
build_cpu='i686'
build_os='linux-gnulibc1'
build_vendor='pc'
datadir='${datarootdir}'
datarootdir='${prefix}/share'
docdir='${datarootdir}/doc/${PACKAGE_TARNAME}'
dvidir='${docdir}'
exec_prefix='NONE'
host='i686-pc-linux-gnulibc1'
host_alias=''
host_cpu='i686'
host_os='linux-gnulibc1'
host_vendor='pc'
htmldir='${docdir}'
includedir='${prefix}/include'
infodir='${datarootdir}/info'
libdir='${exec_prefix}/lib'
libexecdir='${exec_prefix}/libexec'
localedir='${datarootdir}/locale'
localstatedir='${prefix}/var'
mandir='${datarootdir}/man'
oldincludedir='/usr/include'
pdfdir='${docdir}'
prefix='NONE'
program_transform_name='s,x,x,'
psdir='${docdir}'
sbindir='${exec_prefix}/sbin'
sharedstatedir='${prefix}/com'
sysconfdir='${prefix}/etc'
target_alias=''

## ----------- ##
## confdefs.h. ##
## ----------- ##

/* confdefs.h */
#define PACKAGE_NAME "degrib"
#define PACKAGE_TARNAME "degrib"
#define PACKAGE_VERSION "2.00"
#define PACKAGE_STRING "degrib 2.00"
#define PACKAGE_BUGREPORT "arthur.taylor@noaa.gov"
#define PACKAGE_URL ""

configure: exit 77
